app/build/intermediates/manifest_merge_blame_file/debug/manifest-merger-blame-debug-report.txt
1<?xml version="1.0" encoding="utf-8"?>
2<manifest xmlns:android="http://schemas.android.com/apk/res/android"
3    package="it.unibas.corrieri"
4    android:versionCode="1"
5    android:versionName="1.0" >
6
7    <uses-sdk
8        android:minSdkVersion="19"
8-->src\main\AndroidManifest.xml
9        android:targetSdkVersion="28" />
9-->src\main\AndroidManifest.xml
10
11    <application
11-->src\main\AndroidManifest.xml:5:5-30:19
12        android:name="it.unibas.corrieri.Applicazione"
12-->src\main\AndroidManifest.xml:6:9-55
13        android:allowBackup="true"
13-->src\main\AndroidManifest.xml:7:9-35
14        android:appComponentFactory="androidx.core.app.CoreComponentFactory"
14-->[androidx.core:core:1.0.0] AndroidManifest.xml:22:18-86
15        android:debuggable="true"
16        android:icon="@mipmap/ic_launcher"
16-->src\main\AndroidManifest.xml:8:9-43
17        android:label="@string/app_name"
17-->src\main\AndroidManifest.xml:9:9-41
18        android:testOnly="true"
19        android:theme="@style/AppTheme" >
19-->src\main\AndroidManifest.xml:10:9-40
20        <activity
20-->src\main\AndroidManifest.xml:11:9-18:20
21            android:name="it.unibas.corrieri.activity.ActivityPrincipale"
21-->src\main\AndroidManifest.xml:12:13-74
22            android:label="Corrieri Android" >
22-->src\main\AndroidManifest.xml:13:13-45
23            <intent-filter>
23-->src\main\AndroidManifest.xml:14:13-17:29
24                <action android:name="android.intent.action.MAIN" />
24-->src\main\AndroidManifest.xml:15:17-69
24-->src\main\AndroidManifest.xml:15:25-66
25
26                <category android:name="android.intent.category.LAUNCHER" />
26-->src\main\AndroidManifest.xml:16:17-77
26-->src\main\AndroidManifest.xml:16:27-74
27            </intent-filter>
28        </activity>
29        <activity
29-->src\main\AndroidManifest.xml:20:9-21:47
30            android:name="it.unibas.corrieri.activity.ActivityDettaglioCorriere"
30-->src\main\AndroidManifest.xml:20:19-87
31            android:label="Corrieri Android" />
31-->src\main\AndroidManifest.xml:21:13-45
32        <activity
32-->src\main\AndroidManifest.xml:23:9-24:48
33            android:name="it.unibas.corrieri.activity.ActivityNuovoPacco"
33-->src\main\AndroidManifest.xml:23:19-80
34            android:label="Corrieri Android" />
34-->src\main\AndroidManifest.xml:24:13-45
35        <activity
35-->src\main\AndroidManifest.xml:26:9-27:48
36            android:name="it.unibas.corrieri.activity.ActivitySelezionaUtente"
36-->src\main\AndroidManifest.xml:26:19-85
37            android:label="Corrieri Android" />
37-->src\main\AndroidManifest.xml:27:13-45
38    </application>
39
40</manifest>